<?xml version="1.0" encoding="UTF-8"?>
<!-- Generated by org.testng.reporters.JUnitXMLReporter -->
<testsuite hostname="DESKTOP-5UB8202" ignored="0" name="Administrator Regression" tests="4" failures="0" timestamp="17 Jul 2020 15:48:55 GMT" time="70.231" errors="0">
  <testcase name="CreateCustomerUser" time="13.012" classname="adminTestCases.UserTestCases"/>
  <testcase name="CreateAdministratorUser" time="11.033" classname="adminTestCases.UserTestCases"/>
  <testcase name="ChangeUsersRoles" time="7.361" classname="adminTestCases.UserTestCases"/>
  <testcase name="DeleteSimpleUser" time="8.409" classname="adminTestCases.UserTestCases"/>
</testsuite> <!-- Administrator Regression -->
