<?xml version="1.0" encoding="UTF-8"?>
<!-- Generated by org.testng.reporters.JUnitXMLReporter -->
<testsuite hostname="DESKTOP-5UB8202" ignored="0" name="Diego Happy Path" tests="4" failures="0" timestamp="15 Jul 2020 02:55:29 GMT" time="60.284" errors="0">
  <testcase name="NonLoggedUserPurchase" time="5.504" classname="TestCases.CheckoutTestCases"/>
  <testcase name="LogInSimpleUser" time="2.865" classname="TestCases.MyAccountTestCases"/>
  <testcase name="LoggedUserPurchase" time="8.556" classname="TestCases.CheckoutTestCases"/>
  <testcase name="LogOutSimpleUser" time="3.598" classname="TestCases.MyAccountTestCases"/>
</testsuite> <!-- Diego Happy Path -->
