<?xml version="1.0" encoding="UTF-8"?>
<!-- Generated by org.testng.reporters.JUnitXMLReporter -->
<testsuite hostname="DESKTOP-5UB8202" ignored="0" name="Happy Path" tests="7" failures="0" timestamp="17 Jul 2020 15:47:44 GMT" time="77.464" errors="0">
  <testcase name="NonLoggedUserPurchase" time="6.844" classname="happyPathTestCases.CheckoutTestCases"/>
  <testcase name="LogInSimpleUser" time="2.209" classname="happyPathTestCases.MyAccountTestCases"/>
  <testcase name="search" time="1.416" classname="happyPathTestCases.SearchTestCases"/>
  <testcase name="ProductDetail" time="1.962" classname="happyPathTestCases.ShopTestCases"/>
  <testcase name="shop" time="0.815" classname="happyPathTestCases.ShopTestCases"/>
  <testcase name="LoggedUserPurchase" time="8.411" classname="happyPathTestCases.CheckoutTestCases"/>
  <testcase name="LogOutSimpleUser" time="2.993" classname="happyPathTestCases.MyAccountTestCases"/>
</testsuite> <!-- Happy Path -->
