<?xml version="1.0" encoding="UTF-8"?>
<testng-results skipped="0" failed="0" ignored="0" total="11" passed="11">
  <reporter-output>
  </reporter-output>
  <suite name="Testing WooCommerce" duration-ms="147715" started-at="2020-07-17T15:46:27Z" finished-at="2020-07-17T15:48:55Z">
    <groups>
    </groups>
    <test name="Happy Path" duration-ms="77464" started-at="2020-07-17T15:46:27Z" finished-at="2020-07-17T15:47:44Z">
      <class name="happyPathTestCases.ShopTestCases">
        <test-method status="PASS" signature="Setup()[pri:0, instance:happyPathTestCases.ShopTestCases@67b64c45]" name="Setup" is-config="true" duration-ms="7477" started-at="2020-07-17T08:47:06Z" finished-at="2020-07-17T08:47:14Z">
          <reporter-output>
          </reporter-output>
        </test-method> <!-- Setup -->
        <test-method status="PASS" signature="ProductDetail()[pri:0, instance:happyPathTestCases.ShopTestCases@67b64c45]" name="ProductDetail" duration-ms="1962" started-at="2020-07-17T08:47:14Z" finished-at="2020-07-17T08:47:16Z">
          <reporter-output>
          </reporter-output>
        </test-method> <!-- ProductDetail -->
        <test-method status="PASS" signature="shop()[pri:0, instance:happyPathTestCases.ShopTestCases@67b64c45]" name="shop" duration-ms="815" started-at="2020-07-17T08:47:16Z" finished-at="2020-07-17T08:47:16Z">
          <reporter-output>
          </reporter-output>
        </test-method> <!-- shop -->
        <test-method status="PASS" signature="close()[pri:0, instance:happyPathTestCases.ShopTestCases@67b64c45]" name="close" is-config="true" duration-ms="630" started-at="2020-07-17T08:47:16Z" finished-at="2020-07-17T08:47:17Z">
          <reporter-output>
          </reporter-output>
        </test-method> <!-- close -->
      </class> <!-- happyPathTestCases.ShopTestCases -->
      <class name="happyPathTestCases.MyAccountTestCases">
        <test-method status="PASS" signature="SetUp()[pri:0, instance:happyPathTestCases.MyAccountTestCases@96532d6]" name="SetUp" is-config="true" duration-ms="7541" started-at="2020-07-17T08:46:47Z" finished-at="2020-07-17T08:46:54Z">
          <reporter-output>
          </reporter-output>
        </test-method> <!-- SetUp -->
        <test-method status="PASS" signature="LogInSimpleUser()[pri:0, instance:happyPathTestCases.MyAccountTestCases@96532d6]" name="LogInSimpleUser" duration-ms="2209" started-at="2020-07-17T08:46:54Z" finished-at="2020-07-17T08:46:56Z">
          <reporter-output>
          </reporter-output>
        </test-method> <!-- LogInSimpleUser -->
        <test-method status="PASS" signature="TearDown()[pri:0, instance:happyPathTestCases.MyAccountTestCases@96532d6]" name="TearDown" is-config="true" duration-ms="42" started-at="2020-07-17T08:46:56Z" finished-at="2020-07-17T08:46:56Z">
          <reporter-output>
          </reporter-output>
        </test-method> <!-- TearDown -->
        <test-method status="PASS" signature="SetUp()[pri:0, instance:happyPathTestCases.MyAccountTestCases@96532d6]" name="SetUp" is-config="true" duration-ms="8344" started-at="2020-07-17T08:47:33Z" finished-at="2020-07-17T08:47:41Z">
          <reporter-output>
          </reporter-output>
        </test-method> <!-- SetUp -->
        <test-method status="PASS" signature="LogOutSimpleUser()[pri:1, instance:happyPathTestCases.MyAccountTestCases@96532d6]" name="LogOutSimpleUser" duration-ms="2993" started-at="2020-07-17T08:47:41Z" finished-at="2020-07-17T08:47:44Z">
          <reporter-output>
          </reporter-output>
        </test-method> <!-- LogOutSimpleUser -->
        <test-method status="PASS" signature="TearDown()[pri:0, instance:happyPathTestCases.MyAccountTestCases@96532d6]" name="TearDown" is-config="true" duration-ms="85" started-at="2020-07-17T08:47:44Z" finished-at="2020-07-17T08:47:44Z">
          <reporter-output>
          </reporter-output>
        </test-method> <!-- TearDown -->
      </class> <!-- happyPathTestCases.MyAccountTestCases -->
      <class name="happyPathTestCases.CheckoutTestCases">
        <test-method status="PASS" signature="SetUp()[pri:0, instance:happyPathTestCases.CheckoutTestCases@506e6d5e]" name="SetUp" is-config="true" duration-ms="8526" started-at="2020-07-17T08:46:27Z" finished-at="2020-07-17T08:46:35Z">
          <reporter-output>
          </reporter-output>
        </test-method> <!-- SetUp -->
        <test-method status="PASS" signature="NonLoggedUserPurchase()[pri:0, instance:happyPathTestCases.CheckoutTestCases@506e6d5e]" name="NonLoggedUserPurchase" duration-ms="6844" started-at="2020-07-17T08:46:35Z" finished-at="2020-07-17T08:46:42Z">
          <reporter-output>
          </reporter-output>
        </test-method> <!-- NonLoggedUserPurchase -->
        <test-method status="PASS" signature="TearDown()[pri:0, instance:happyPathTestCases.CheckoutTestCases@506e6d5e]" name="TearDown" is-config="true" duration-ms="4318" started-at="2020-07-17T08:46:42Z" finished-at="2020-07-17T08:46:47Z">
          <reporter-output>
          </reporter-output>
        </test-method> <!-- TearDown -->
        <test-method status="PASS" signature="SetUp()[pri:0, instance:happyPathTestCases.CheckoutTestCases@506e6d5e]" name="SetUp" is-config="true" duration-ms="7431" started-at="2020-07-17T08:47:17Z" finished-at="2020-07-17T08:47:24Z">
          <reporter-output>
          </reporter-output>
        </test-method> <!-- SetUp -->
        <test-method status="PASS" signature="LoggedUserPurchase()[pri:1, instance:happyPathTestCases.CheckoutTestCases@506e6d5e]" name="LoggedUserPurchase" duration-ms="8411" started-at="2020-07-17T08:47:24Z" finished-at="2020-07-17T08:47:33Z">
          <reporter-output>
          </reporter-output>
        </test-method> <!-- LoggedUserPurchase -->
        <test-method status="PASS" signature="TearDown()[pri:0, instance:happyPathTestCases.CheckoutTestCases@506e6d5e]" name="TearDown" is-config="true" duration-ms="71" started-at="2020-07-17T08:47:33Z" finished-at="2020-07-17T08:47:33Z">
          <reporter-output>
          </reporter-output>
        </test-method> <!-- TearDown -->
      </class> <!-- happyPathTestCases.CheckoutTestCases -->
      <class name="happyPathTestCases.SearchTestCases">
        <test-method status="PASS" signature="Setup()[pri:0, instance:happyPathTestCases.SearchTestCases@3796751b]" name="Setup" is-config="true" duration-ms="7722" started-at="2020-07-17T08:46:56Z" finished-at="2020-07-17T08:47:04Z">
          <reporter-output>
          </reporter-output>
        </test-method> <!-- Setup -->
        <test-method status="PASS" signature="search()[pri:0, instance:happyPathTestCases.SearchTestCases@3796751b]" name="search" duration-ms="1416" started-at="2020-07-17T08:47:04Z" finished-at="2020-07-17T08:47:06Z">
          <reporter-output>
          </reporter-output>
        </test-method> <!-- search -->
        <test-method status="PASS" signature="close()[pri:0, instance:happyPathTestCases.SearchTestCases@3796751b]" name="close" is-config="true" duration-ms="602" started-at="2020-07-17T08:47:06Z" finished-at="2020-07-17T08:47:06Z">
          <reporter-output>
          </reporter-output>
        </test-method> <!-- close -->
      </class> <!-- happyPathTestCases.SearchTestCases -->
    </test> <!-- Happy Path -->
    <test name="Administrator Regression" duration-ms="70231" started-at="2020-07-17T15:47:44Z" finished-at="2020-07-17T15:48:55Z">
      <class name="adminTestCases.UserTestCases">
        <test-method status="PASS" signature="SetUp()[pri:0, instance:adminTestCases.UserTestCases@38082d64]" name="SetUp" is-config="true" duration-ms="7569" started-at="2020-07-17T08:47:44Z" finished-at="2020-07-17T08:47:52Z">
          <reporter-output>
          </reporter-output>
        </test-method> <!-- SetUp -->
        <test-method status="PASS" signature="CreateCustomerUser()[pri:0, instance:adminTestCases.UserTestCases@38082d64]" name="CreateCustomerUser" duration-ms="13012" started-at="2020-07-17T08:47:52Z" finished-at="2020-07-17T08:48:05Z">
          <reporter-output>
          </reporter-output>
        </test-method> <!-- CreateCustomerUser -->
        <test-method status="PASS" signature="TearDown()[pri:0, instance:adminTestCases.UserTestCases@38082d64]" name="TearDown" is-config="true" duration-ms="163" started-at="2020-07-17T08:48:05Z" finished-at="2020-07-17T08:48:05Z">
          <reporter-output>
          </reporter-output>
        </test-method> <!-- TearDown -->
        <test-method status="PASS" signature="SetUp()[pri:0, instance:adminTestCases.UserTestCases@38082d64]" name="SetUp" is-config="true" duration-ms="7335" started-at="2020-07-17T08:48:05Z" finished-at="2020-07-17T08:48:12Z">
          <reporter-output>
          </reporter-output>
        </test-method> <!-- SetUp -->
        <test-method status="PASS" signature="CreateAdministratorUser()[pri:1, instance:adminTestCases.UserTestCases@38082d64]" name="CreateAdministratorUser" duration-ms="11033" started-at="2020-07-17T08:48:12Z" finished-at="2020-07-17T08:48:24Z">
          <reporter-output>
          </reporter-output>
        </test-method> <!-- CreateAdministratorUser -->
        <test-method status="PASS" signature="TearDown()[pri:0, instance:adminTestCases.UserTestCases@38082d64]" name="TearDown" is-config="true" duration-ms="100" started-at="2020-07-17T08:48:24Z" finished-at="2020-07-17T08:48:24Z">
          <reporter-output>
          </reporter-output>
        </test-method> <!-- TearDown -->
        <test-method status="PASS" signature="SetUp()[pri:0, instance:adminTestCases.UserTestCases@38082d64]" name="SetUp" is-config="true" duration-ms="7477" started-at="2020-07-17T08:48:24Z" finished-at="2020-07-17T08:48:31Z">
          <reporter-output>
          </reporter-output>
        </test-method> <!-- SetUp -->
        <test-method status="PASS" signature="ChangeUsersRoles()[pri:2, instance:adminTestCases.UserTestCases@38082d64]" name="ChangeUsersRoles" duration-ms="7361" started-at="2020-07-17T08:48:31Z" finished-at="2020-07-17T08:48:38Z">
          <reporter-output>
          </reporter-output>
        </test-method> <!-- ChangeUsersRoles -->
        <test-method status="PASS" signature="TearDown()[pri:0, instance:adminTestCases.UserTestCases@38082d64]" name="TearDown" is-config="true" duration-ms="65" started-at="2020-07-17T08:48:38Z" finished-at="2020-07-17T08:48:39Z">
          <reporter-output>
          </reporter-output>
        </test-method> <!-- TearDown -->
        <test-method status="PASS" signature="SetUp()[pri:0, instance:adminTestCases.UserTestCases@38082d64]" name="SetUp" is-config="true" duration-ms="7650" started-at="2020-07-17T08:48:39Z" finished-at="2020-07-17T08:48:46Z">
          <reporter-output>
          </reporter-output>
        </test-method> <!-- SetUp -->
        <test-method status="PASS" signature="DeleteSimpleUser()[pri:3, instance:adminTestCases.UserTestCases@38082d64]" name="DeleteSimpleUser" duration-ms="8409" started-at="2020-07-17T08:48:46Z" finished-at="2020-07-17T08:48:55Z">
          <reporter-output>
          </reporter-output>
        </test-method> <!-- DeleteSimpleUser -->
        <test-method status="PASS" signature="TearDown()[pri:0, instance:adminTestCases.UserTestCases@38082d64]" name="TearDown" is-config="true" duration-ms="53" started-at="2020-07-17T08:48:55Z" finished-at="2020-07-17T08:48:55Z">
          <reporter-output>
          </reporter-output>
        </test-method> <!-- TearDown -->
      </class> <!-- adminTestCases.UserTestCases -->
    </test> <!-- Administrator Regression -->
  </suite> <!-- Testing WooCommerce -->
</testng-results>
