<?xml version="1.0" encoding="UTF-8"?>
<testng-results skipped="0" failed="0" ignored="0" total="2" passed="2">
  <reporter-output>
  </reporter-output>
  <suite name="Default suite" duration-ms="29416" started-at="2020-07-15T14:02:20 PDT" finished-at="2020-07-15T14:02:49 PDT">
    <groups>
    </groups>
    <test name="Default test" duration-ms="29416" started-at="2020-07-15T14:02:20 PDT" finished-at="2020-07-15T14:02:49 PDT">
      <class name="happyPathTestCases.CheckoutTestCases">
        <test-method status="PASS" signature="SetUp()[pri:0, instance:happyPathTestCases.CheckoutTestCases@5a8806ef]" name="SetUp" is-config="true" duration-ms="8700" started-at="2020-07-15T14:02:20 PDT" finished-at="2020-07-15T14:02:29 PDT">
          <reporter-output>
          </reporter-output>
        </test-method> <!-- SetUp -->
        <test-method status="PASS" signature="NonLoggedUserPurchase()[pri:0, instance:happyPathTestCases.CheckoutTestCases@5a8806ef]" name="NonLoggedUserPurchase" duration-ms="5291" started-at="2020-07-15T14:02:29 PDT" finished-at="2020-07-15T14:02:34 PDT">
          <reporter-output>
          </reporter-output>
        </test-method> <!-- NonLoggedUserPurchase -->
        <test-method status="PASS" signature="TearDown()[pri:0, instance:happyPathTestCases.CheckoutTestCases@5a8806ef]" name="TearDown" is-config="true" duration-ms="45" started-at="2020-07-15T14:02:34 PDT" finished-at="2020-07-15T14:02:34 PDT">
          <reporter-output>
          </reporter-output>
        </test-method> <!-- TearDown -->
        <test-method status="PASS" signature="SetUp()[pri:0, instance:happyPathTestCases.CheckoutTestCases@5a8806ef]" name="SetUp" is-config="true" duration-ms="7796" started-at="2020-07-15T14:02:34 PDT" finished-at="2020-07-15T14:02:42 PDT">
          <reporter-output>
          </reporter-output>
        </test-method> <!-- SetUp -->
        <test-method status="PASS" signature="LoggedUserPurchase()[pri:1, instance:happyPathTestCases.CheckoutTestCases@5a8806ef]" name="LoggedUserPurchase" duration-ms="7512" started-at="2020-07-15T14:02:42 PDT" finished-at="2020-07-15T14:02:49 PDT">
          <reporter-output>
          </reporter-output>
        </test-method> <!-- LoggedUserPurchase -->
        <test-method status="PASS" signature="TearDown()[pri:0, instance:happyPathTestCases.CheckoutTestCases@5a8806ef]" name="TearDown" is-config="true" duration-ms="46" started-at="2020-07-15T14:02:49 PDT" finished-at="2020-07-15T14:02:49 PDT">
          <reporter-output>
          </reporter-output>
        </test-method> <!-- TearDown -->
      </class> <!-- happyPathTestCases.CheckoutTestCases -->
    </test> <!-- Default test -->
  </suite> <!-- Default suite -->
</testng-results>
